# JRE version: Java(TM) SE Runtime Environment (8.0_131-b11) (build 1.8.0_131-b11)
# Java VM: Java HotSpot(TM) 64-Bit Server VM (25.131-b11 mixed mode windows-amd64 compressed oops)
Heap:
 PSYoungGen      total 61952K, used 8345K [0x00000000ebb80000, 0x00000000efa80000, 0x0000000100000000)
  eden space 60928K, 12% used [0x00000000ebb80000,0x00000000ec2a6750,0x00000000ef700000)
  from space 1024K, 100% used [0x00000000ef900000,0x00000000efa00000,0x00000000efa00000)
  to   space 512K, 0% used [0x00000000efa00000,0x00000000efa00000,0x00000000efa80000)
 ParOldGen       total 20992K, used 7320K [0x00000000c3200000, 0x00000000c4680000, 0x00000000ebb80000)
  object space 20992K, 34% used [0x00000000c3200000,0x00000000c3926188,0x00000000c4680000)
 Metaspace       used 10611K, capacity 10711K, committed 10880K, reserved 1058816K
  class space    used 1107K, capacity 1148K, committed 1152K, reserved 1048576K
GC Heap History (10 events):
Event: 527.057 GC heap before
{Heap before GC invocations=726 (full 1):
 PSYoungGen      total 44032K, used 44032K [0x00000000ebb80000, 0x00000000eea80000, 0x0000000100000000)
  eden space 43520K, 100% used [0x00000000ebb80000,0x00000000ee600000,0x00000000ee600000)
  from space 512K, 100% used [0x00000000ee700000,0x00000000ee780000,0x00000000ee780000)
  to   space 1024K, 0% used [0x00000000ee600000,0x00000000ee600000,0x00000000ee700000)
 ParOldGen       total 20992K, used 7232K [0x00000000c3200000, 0x00000000c4680000, 0x00000000ebb80000)
  object space 20992K, 34% used [0x00000000c3200000,0x00000000c3910188,0x00000000c4680000)
 Metaspace       used 10611K, capacity 10711K, committed 10880K, reserved 1058816K
  class space    used 1107K, capacity 1148K, committed 1152K, reserved 1048576K
Event: 527.061 GC heap after
Heap after GC invocations=726 (full 1):
 PSYoungGen      total 44544K, used 736K [0x00000000ebb80000, 0x00000000ef080000, 0x0000000100000000)
  eden space 43520K, 0% used [0x00000000ebb80000,0x00000000ebb80000,0x00000000ee600000)
  from space 1024K, 71% used [0x00000000ee600000,0x00000000ee6b8000,0x00000000ee700000)
  to   space 1024K, 0% used [0x00000000eef80000,0x00000000eef80000,0x00000000ef080000)
 ParOldGen       total 20992K, used 7248K [0x00000000c3200000, 0x00000000c4680000, 0x00000000ebb80000)
  object space 20992K, 34% used [0x00000000c3200000,0x00000000c3914188,0x00000000c4680000)
 Metaspace       used 10611K, capacity 10711K, committed 10880K, reserved 1058816K
  class space    used 1107K, capacity 1148K, committed 1152K, reserved 1048576K
}
Event: 528.052 GC heap before
{Heap before GC invocations=727 (full 1):
 PSYoungGen      total 44544K, used 44256K [0x00000000ebb80000, 0x00000000ef080000, 0x0000000100000000)
  eden space 43520K, 100% used [0x00000000ebb80000,0x00000000ee600000,0x00000000ee600000)
  from space 1024K, 71% used [0x00000000ee600000,0x00000000ee6b8000,0x00000000ee700000)
  to   space 1024K, 0% used [0x00000000eef80000,0x00000000eef80000,0x00000000ef080000)
 ParOldGen       total 20992K, used 7248K [0x00000000c3200000, 0x00000000c4680000, 0x00000000ebb80000)
  object space 20992K, 34% used [0x00000000c3200000,0x00000000c3914188,0x00000000c4680000)
 Metaspace       used 10611K, capacity 10711K, committed 10880K, reserved 1058816K
  class space    used 1107K, capacity 1148K, committed 1152K, reserved 1048576K
Event: 528.056 GC heap after
Heap after GC invocations=727 (full 1):
 PSYoungGen      total 53248K, used 704K [0x00000000ebb80000, 0x00000000ef080000, 0x0000000100000000)
  eden space 52224K, 0% used [0x00000000ebb80000,0x00000000ebb80000,0x00000000eee80000)
  from space 1024K, 68% used [0x00000000eef80000,0x00000000ef030000,0x00000000ef080000)
  to   space 1024K, 0% used [0x00000000eee80000,0x00000000eee80000,0x00000000eef80000)
 ParOldGen       total 20992K, used 7264K [0x00000000c3200000, 0x00000000c4680000, 0x00000000ebb80000)
  object space 20992K, 34% used [0x00000000c3200000,0x00000000c3918188,0x00000000c4680000)
 Metaspace       used 10611K, capacity 10711K, committed 10880K, reserved 1058816K
  class space    used 1107K, capacity 1148K, committed 1152K, reserved 1048576K
}
Event: 529.190 GC heap before
{Heap before GC invocations=728 (full 1):
 PSYoungGen      total 53248K, used 52928K [0x00000000ebb80000, 0x00000000ef080000, 0x0000000100000000)
  eden space 52224K, 100% used [0x00000000ebb80000,0x00000000eee80000,0x00000000eee80000)
  from space 1024K, 68% used [0x00000000eef80000,0x00000000ef030000,0x00000000ef080000)
  to   space 1024K, 0% used [0x00000000eee80000,0x00000000eee80000,0x00000000eef80000)
 ParOldGen       total 20992K, used 7264K [0x00000000c3200000, 0x00000000c4680000, 0x00000000ebb80000)
  object space 20992K, 34% used [0x00000000c3200000,0x00000000c3918188,0x00000000c4680000)
 Metaspace       used 10611K, capacity 10711K, committed 10880K, reserved 1058816K
  class space    used 1107K, capacity 1148K, committed 1152K, reserved 1048576K
Event: 529.217 GC heap after
Heap after GC invocations=728 (full 1):
 PSYoungGen      total 53248K, used 896K [0x00000000ebb80000, 0x00000000efb00000, 0x0000000100000000)
  eden space 52224K, 0% used [0x00000000ebb80000,0x00000000ebb80000,0x00000000eee80000)
  from space 1024K, 87% used [0x00000000eee80000,0x00000000eef60000,0x00000000eef80000)
  to   space 1024K, 0% used [0x00000000efa00000,0x00000000efa00000,0x00000000efb00000)
 ParOldGen       total 20992K, used 7288K [0x00000000c3200000, 0x00000000c4680000, 0x00000000ebb80000)
  object space 20992K, 34% used [0x00000000c3200000,0x00000000c391e188,0x00000000c4680000)
 Metaspace       used 10611K, capacity 10711K, committed 10880K, reserved 1058816K
  class space    used 1107K, capacity 1148K, committed 1152K, reserved 1048576K
}
Event: 530.336 GC heap before
{Heap before GC invocations=729 (full 1):
 PSYoungGen      total 53248K, used 53120K [0x00000000ebb80000, 0x00000000efb00000, 0x0000000100000000)
  eden space 52224K, 100% used [0x00000000ebb80000,0x00000000eee80000,0x00000000eee80000)
  from space 1024K, 87% used [0x00000000eee80000,0x00000000eef60000,0x00000000eef80000)
  to   space 1024K, 0% used [0x00000000efa00000,0x00000000efa00000,0x00000000efb00000)
 ParOldGen       total 20992K, used 7288K [0x00000000c3200000, 0x00000000c4680000, 0x00000000ebb80000)
  object space 20992K, 34% used [0x00000000c3200000,0x00000000c391e188,0x00000000c4680000)
 Metaspace       used 10611K, capacity 10711K, committed 10880K, reserved 1058816K
  class space    used 1107K, capacity 1148K, committed 1152K, reserved 1048576K
Event: 530.342 GC heap after
Heap after GC invocations=729 (full 1):
 PSYoungGen      total 64000K, used 864K [0x00000000ebb80000, 0x00000000efb00000, 0x0000000100000000)
  eden space 62976K, 0% used [0x00000000ebb80000,0x00000000ebb80000,0x00000000ef900000)
  from space 1024K, 84% used [0x00000000efa00000,0x00000000efad8000,0x00000000efb00000)
  to   space 1024K, 0% used [0x00000000ef900000,0x00000000ef900000,0x00000000efa00000)
 ParOldGen       total 20992K, used 7296K [0x00000000c3200000, 0x00000000c4680000, 0x00000000ebb80000)
  object space 20992K, 34% used [0x00000000c3200000,0x00000000c3920188,0x00000000c4680000)
 Metaspace       used 10611K, capacity 10711K, committed 10880K, reserved 1058816K
  class space    used 1107K, capacity 1148K, committed 1152K, reserved 1048576K
}
Event: 533.009 GC heap before
{Heap before GC invocations=730 (full 1):
 PSYoungGen      total 64000K, used 63840K [0x00000000ebb80000, 0x00000000efb00000, 0x0000000100000000)
  eden space 62976K, 100% used [0x00000000ebb80000,0x00000000ef900000,0x00000000ef900000)
  from space 1024K, 84% used [0x00000000efa00000,0x00000000efad8000,0x00000000efb00000)
  to   space 1024K, 0% used [0x00000000ef900000,0x00000000ef900000,0x00000000efa00000)
 ParOldGen       total 20992K, used 7296K [0x00000000c3200000, 0x00000000c4680000, 0x00000000ebb80000)
  object space 20992K, 34% used [0x00000000c3200000,0x00000000c3920188,0x00000000c4680000)
 Metaspace       used 10611K, capacity 10711K, committed 10880K, reserved 1058816K
  class space    used 1107K, capacity 1148K, committed 1152K, reserved 1048576K
Event: 533.016 GC heap after
Heap after GC invocations=730 (full 1):
 PSYoungGen      total 61952K, used 1024K [0x00000000ebb80000, 0x00000000efa80000, 0x0000000100000000)
  eden space 60928K, 0% used [0x00000000ebb80000,0x00000000ebb80000,0x00000000ef700000)
  from space 1024K, 100% used [0x00000000ef900000,0x00000000efa00000,0x00000000efa00000)
  to   space 512K, 0% used [0x00000000efa00000,0x00000000efa00000,0x00000000efa80000)
 ParOldGen       total 20992K, used 7320K [0x00000000c3200000, 0x00000000c4680000, 0x00000000ebb80000)
  object space 20992K, 34% used [0x00000000c3200000,0x00000000c3926188,0x00000000c4680000)
 Metaspace       used 10611K, capacity 10711K, committed 10880K, reserved 1058816K
  class space    used 1107K, capacity 1148K, committed 1152K, reserved 1048576K
}

